lib-newssdk/proguard-project.txt
# To enable ProGuard in your project, edit project.properties
# to define the proguard.config property as described in that file.
#
# Add project specific ProGuard rules here.
# By default, the flags in this file are appended to flags specified
# in ${sdk.dir}/tools/proguard/proguard-android.txt
# You can edit the include path and order by changing the ProGuard
# include property in project.properties.
#
# For more details, see
#   http://developer.android.com/guide/developing/tools/proguard.html

# Add any project specific keep options here:

# If your project uses WebView with JS, uncomment the following
# and specify the fully qualified class name to the JavaScript interface
# class:
#-keepclassmembers class fqcn.of.javascript.interface.for.webview {
#   public *;
#}

-optimizationpasses 5
-dontusemixedcaseclassnames
-dontskipnonpubliclibraryclasses
-dontpreverify
-verbose
-optimizations !code/simplification/arithmetic,!field/*,!class/merging/*
-ignorewarnings

# newssdk需要keep类
-keep class com.qihoo360.newssdk.export.** {public *;}
-keep class com.qihoo360.newssdk.exportui.** {public *;}
-keep class com.qihoo360.newssdk.page.** extends android.app.Activity {public *;}
-keep class com.qihoo360.newssdk.ui.common.** { public *;}
-keep class com.qihoo360.newssdk.comment.** {public *;}
-keep class com.qihoo360.newssdk.guide.AutoScrollTextView {public *;}
-keep class com.qihoo360.newssdk.video.view.** {public *;}
-keep class com.qihoo360.newssdk.video.widget.** {public *;}
-keep class com.qihoo360.newssdk.view.impl.** {public *;}


-keep class com.qihoo360.newssdk.NewsSDK { public *;}
-keep class com.qihoo360.newssdk.NewsSDK$MvAdInfo { public *;}
-keep class com.qihoo360.newssdk.view.ContainerConst { public *;}
-keep class com.qihoo360.newssdk.control.display.ThemeManager { public *;}
#-keepclassmembers class com.qihoo360.newssdk.NewsSDK { public *;}

# 6.0编译环境需要keep类
-keep class org.apache.** {*;}
-dontwarn org.apache.http.**
-keep class android.net.http.** {*;}
-dontwarn android.net.http.**
-keep class net.jarlehansen.protobuf.javame.** {*;}

# 360广告sdk需要keep
-keep class com.ak.android.** {*;}
-keep class android.support.v4.app.NotificationCompat**{
      public *;
}