lib-newssdk/build/outputs/mapping/release/seeds.txt
com.qihoo360.newssdk.NewsSDK
com.qihoo360.newssdk.NewsSDK: java.lang.String BROADCAST_PERMESSION_POSTFIX
com.qihoo360.newssdk.NewsSDK: java.lang.String KEY_OPEN_SDK_MODE
com.qihoo360.newssdk.NewsSDK: java.lang.String KEY_APP_ID
com.qihoo360.newssdk.NewsSDK: java.lang.String KEY_APP_KEY
com.qihoo360.newssdk.NewsSDK: java.lang.String KEY_APP_SECRET
com.qihoo360.newssdk.NewsSDK: java.lang.String KEY_MARKET
com.qihoo360.newssdk.NewsSDK: java.lang.String KEY_PRODUCT
com.qihoo360.newssdk.NewsSDK: java.lang.String KEY_TT_PARTENER
com.qihoo360.newssdk.NewsSDK: java.lang.String KEY_TT_SECRET_KEY
com.qihoo360.newssdk.NewsSDK: java.lang.String KEY_IS_DEBUG
com.qihoo360.newssdk.NewsSDK: java.lang.String KEY_IS_TEST_ENV
com.qihoo360.newssdk.NewsSDK: java.lang.String KEY_IS_DEMO_MODE
com.qihoo360.newssdk.NewsSDK: java.lang.String KEY_APPINFO_SCENE
com.qihoo360.newssdk.NewsSDK: java.lang.String KEY_APPINFO_SUBSCENE
com.qihoo360.newssdk.NewsSDK: java.lang.String KEY_VIDEOINFO_SCENE
com.qihoo360.newssdk.NewsSDK: java.lang.String KEY_VIDEOINFO_SUBSCENE_NEWS
com.qihoo360.newssdk.NewsSDK: java.lang.String KEY_VIDEOINFO_SUBSCENE_AD
com.qihoo360.newssdk.NewsSDK: java.lang.String KEY_NEWSINFO_SCENE
com.qihoo360.newssdk.NewsSDK: java.lang.String KEY_NEWSINFO_SUBSCENE_NEWS
com.qihoo360.newssdk.NewsSDK: java.lang.String KEY_NEWSINFO_SUBSCENE_AD
com.qihoo360.newssdk.NewsSDK: java.lang.String KEY_IS_SUPPORT_DOWNLOAD
com.qihoo360.newssdk.NewsSDK: java.lang.String KEY_IS_SUPPORT_LOGIN
com.qihoo360.newssdk.NewsSDK$MvAdInfo
com.qihoo360.newssdk.NewsSDK$MvAdInfo: java.lang.String adspaceid
com.qihoo360.newssdk.NewsSDK$MvAdInfo: int[] supported_templates
com.qihoo360.newssdk.NewsSDK$MvAdInfo: NewsSDK$MvAdInfo(java.lang.String,int[])
com.qihoo360.newssdk.NewsSDK$MvAdInfo: org.json.JSONObject toJson()
com.qihoo360.newssdk.R
com.qihoo360.newssdk.R$anim
com.qihoo360.newssdk.R$anim: int newssdk_activity_bottom_out
com.qihoo360.newssdk.R$anim: int newssdk_activity_left_out
com.qihoo360.newssdk.R$anim: int newssdk_activity_right_in
com.qihoo360.newssdk.R$anim: int newssdk_add_score_anim
com.qihoo360.newssdk.R$anim: int newssdk_ani_bottom_in
com.qihoo360.newssdk.R$anim: int newssdk_ani_right_out
com.qihoo360.newssdk.R$anim: int newssdk_followguide_like_in
com.qihoo360.newssdk.R$anim: int newssdk_followguide_like_out
com.qihoo360.newssdk.R$anim: int newssdk_followguide_tips_in
com.qihoo360.newssdk.R$anim: int newssdk_imgguide_in
com.qihoo360.newssdk.R$anim: int newssdk_share_dialog_in
com.qihoo360.newssdk.R$anim: int newssdk_share_dialog_out
com.qihoo360.newssdk.R$anim: int newssdk_zancai_in_out
com.qihoo360.newssdk.R$array
com.qihoo360.newssdk.R$array: int ignore_app_array
com.qihoo360.newssdk.R$array: int ignore_apull_news_array
com.qihoo360.newssdk.R$array: int ignore_mv_array
com.qihoo360.newssdk.R$array: int ignore_news_array
com.qihoo360.newssdk.R$array: int news_main_city_c
com.qihoo360.newssdk.R$array: int news_main_city_index
com.qihoo360.newssdk.R$array: int news_main_city_name
com.qihoo360.newssdk.R$array: int news_type_c
com.qihoo360.newssdk.R$array: int news_type_c_optional
com.qihoo360.newssdk.R$array: int news_type_name
com.qihoo360.newssdk.R$array: int news_type_name_optional
...
com.ak.android.bridge.IBridge
com.ak.android.bridge.IBridge: void initSdk(android.content.Context)
com.ak.android.bridge.IBridge: void setConfig(boolean,boolean)
com.ak.android.bridge.IBridge: void setChannel(java.lang.String)
com.ak.android.bridge.IBridge: com.ak.android.base.landingpage.ActivityBridge getActivityBridge()
com.ak.android.bridge.IBridge: void setLandingPageView(com.ak.android.base.landingpage.ILandingPageView)
com.ak.android.bridge.IBridge: java.lang.Object getNativeAdLoader(android.content.Context,com.ak.android.engine.nav.NativeAdLoaderListener,java.util.ArrayList)
com.ak.android.bridge.IBridge: void getNativeSplashAd(android.content.Context,java.lang.String,int,com.ak.android.engine.navsplash.NativeSplashAdLoaderListener)
com.ak.android.bridge.IBridge: java.lang.Object getNativeVideoAdLoader(android.content.Context,com.ak.android.engine.navvideo.NativeVideoAdLoaderListener,java.util.ArrayList)
com.ak.android.bridge.IBridge: void downloadRelevant(java.lang.Object[])
com.ak.android.bridge.IBridge: void setApkListener(com.ak.android.engine.download.ApkListener)
com.ak.android.bridge.a
com.ak.android.bridge.a: com.ak.android.bridge.DynamicObject a
com.ak.android.bridge.a: a(com.ak.android.bridge.DynamicObject)
com.ak.android.bridge.a: void initSdk(android.content.Context)
com.ak.android.bridge.a: void setConfig(boolean,boolean)
com.ak.android.bridge.a: void setChannel(java.lang.String)
com.ak.android.bridge.a: com.ak.android.base.landingpage.ActivityBridge getActivityBridge()
com.ak.android.bridge.a: void setLandingPageView(com.ak.android.base.landingpage.ILandingPageView)
com.ak.android.bridge.a: java.lang.Object getNativeAdLoader(android.content.Context,com.ak.android.engine.nav.NativeAdLoaderListener,java.util.ArrayList)
com.ak.android.bridge.a: void getNativeSplashAd(android.content.Context,java.lang.String,int,com.ak.android.engine.navsplash.NativeSplashAdLoaderListener)
com.ak.android.bridge.a: java.lang.Object getNativeVideoAdLoader(android.content.Context,com.ak.android.engine.navvideo.NativeVideoAdLoaderListener,java.util.ArrayList)
com.ak.android.bridge.a: void downloadRelevant(java.lang.Object[])
com.ak.android.bridge.a: void setApkListener(com.ak.android.engine.download.ApkListener)
com.ak.android.bridge.b
com.ak.android.bridge.b: java.lang.String a
com.ak.android.bridge.b: java.lang.String b
com.ak.android.bridge.b: java.lang.String c
com.ak.android.bridge.b: java.lang.String d
com.ak.android.bridge.b: java.lang.String e
com.ak.android.bridge.b: java.lang.String f
com.ak.android.bridge.b: java.lang.String g
com.ak.android.bridge.b: java.lang.String h
com.ak.android.bridge.b: java.lang.String i
com.ak.android.bridge.b: java.lang.String j
com.ak.android.bridge.b: java.lang.String k
com.ak.android.bridge.b: java.lang.String l
com.ak.android.bridge.b: boolean m
com.ak.android.bridge.b: b()
com.ak.android.bridge.b: void <clinit>()