lib-newssdk/build/outputs/mapping/release/mapping.txt
com.qihoo360.newssdk.NewsSDK -> com.qihoo360.newssdk.NewsSDK:
    java.lang.String BROADCAST_PERMESSION_POSTFIX -> BROADCAST_PERMESSION_POSTFIX
    java.lang.String KEY_OPEN_SDK_MODE -> KEY_OPEN_SDK_MODE
    java.lang.String KEY_APP_ID -> KEY_APP_ID
    java.lang.String KEY_APP_KEY -> KEY_APP_KEY
    java.lang.String KEY_APP_SECRET -> KEY_APP_SECRET
    java.lang.String KEY_MARKET -> KEY_MARKET
    java.lang.String KEY_PRODUCT -> KEY_PRODUCT
    java.lang.String KEY_TT_PARTENER -> KEY_TT_PARTENER
    java.lang.String KEY_TT_SECRET_KEY -> KEY_TT_SECRET_KEY
    java.lang.String KEY_IS_DEBUG -> KEY_IS_DEBUG
    java.lang.String KEY_IS_TEST_ENV -> KEY_IS_TEST_ENV
    java.lang.String KEY_IS_DEMO_MODE -> KEY_IS_DEMO_MODE
    java.lang.String KEY_APPINFO_SCENE -> KEY_APPINFO_SCENE
    java.lang.String KEY_APPINFO_SUBSCENE -> KEY_APPINFO_SUBSCENE
    java.lang.String KEY_VIDEOINFO_SCENE -> KEY_VIDEOINFO_SCENE
    java.lang.String KEY_VIDEOINFO_SUBSCENE_NEWS -> KEY_VIDEOINFO_SUBSCENE_NEWS
    java.lang.String KEY_VIDEOINFO_SUBSCENE_AD -> KEY_VIDEOINFO_SUBSCENE_AD
    java.lang.String KEY_NEWSINFO_SCENE -> KEY_NEWSINFO_SCENE
    java.lang.String KEY_NEWSINFO_SUBSCENE_NEWS -> KEY_NEWSINFO_SUBSCENE_NEWS
    java.lang.String KEY_NEWSINFO_SUBSCENE_AD -> KEY_NEWSINFO_SUBSCENE_AD
    java.lang.String KEY_IS_SUPPORT_DOWNLOAD -> KEY_IS_SUPPORT_DOWNLOAD
    java.lang.String KEY_IS_SUPPORT_LOGIN -> KEY_IS_SUPPORT_LOGIN
    java.lang.String KEY_IS_SUPPORT_SHARE_V1 -> KEY_IS_SUPPORT_SHARE_V1
com.qihoo360.newssdk.NewsSDK$MvAdInfo -> com.qihoo360.newssdk.NewsSDK$MvAdInfo:
    java.lang.String adspaceid -> adspaceid
    int[] supported_templates -> supported_templates
    void <init>(java.lang.String,int[]) -> <init>
    org.json.JSONObject toJson() -> toJson
com.qihoo360.newssdk.R -> com.qihoo360.newssdk.R:
    void <init>() -> <init>
com.qihoo360.newssdk.R$anim -> com.qihoo360.newssdk.R$anim:
    int newssdk_activity_bottom_out -> newssdk_activity_bottom_out
    int newssdk_activity_left_out -> newssdk_activity_left_out
    int newssdk_activity_right_in -> newssdk_activity_right_in
    int newssdk_add_score_anim -> newssdk_add_score_anim
    int newssdk_ani_bottom_in -> newssdk_ani_bottom_in
    int newssdk_ani_right_out -> newssdk_ani_right_out
    int newssdk_followguide_like_in -> newssdk_followguide_like_in
    int newssdk_followguide_like_out -> newssdk_followguide_like_out
    int newssdk_followguide_tips_in -> newssdk_followguide_tips_in
    int newssdk_imgguide_in -> newssdk_imgguide_in
    int newssdk_share_dialog_in -> newssdk_share_dialog_in
    int newssdk_share_dialog_out -> newssdk_share_dialog_out
    int newssdk_zancai_in_out -> newssdk_zancai_in_out
    void <init>() -> <init>
    void <clinit>() -> <clinit>
com.qihoo360.newssdk.R$array -> com.qihoo360.newssdk.R$array:
    int ignore_app_array -> ignore_app_array
    int ignore_apull_news_array -> ignore_apull_news_array
    int ignore_mv_array -> ignore_mv_array
    int ignore_news_array -> ignore_news_array
    int news_main_city_c -> news_main_city_c
    int news_main_city_index -> news_main_city_index
    int news_main_city_name -> news_main_city_name
    int news_type_c -> news_type_c
    int news_type_c_optional -> news_type_c_optional
    int news_type_name -> news_type_name
    int news_type_name_optional -> news_type_name_optional
    void <init>() -> <init>
    void <clinit>() -> <clinit>
...
com.ak.android.engine.download.a -> com.ak.android.engine.download.a:
    com.ak.android.engine.download.ApkListener a -> a
    void <init>(com.ak.android.engine.download.ApkListener) -> <init>
    java.lang.Object invoke(int,java.lang.Object[]) -> invoke
com.ak.android.engine.nav.NativeAd -> com.ak.android.engine.nav.NativeAd:
    void setAdListener(com.ak.android.engine.navbase.NativeAdListener) -> setAdListener
    org.json.JSONObject getContent() -> getContent
    void onAdClick(android.app.Activity,android.view.View) -> onAdClick
    void onAdShowed(android.view.View) -> onAdShowed
    void onAdClosed() -> onAdClosed
    int getActionType() -> getActionType
    int getAPPStatus() -> getAPPStatus
    int getProgress() -> getProgress
    java.lang.String getAdSpaceId() -> getAdSpaceId
    org.json.JSONObject getAPPInfo() -> getAPPInfo
com.ak.android.engine.nav.NativeAdLoaderListener -> com.ak.android.engine.nav.NativeAdLoaderListener:
    void onAdLoadSuccess(java.util.ArrayList) -> onAdLoadSuccess
com.ak.android.engine.nav.a -> com.ak.android.engine.nav.a:
    void <init>(com.ak.android.engine.nav.NativeAdLoaderListener) -> <init>
    java.lang.Object invoke(int,java.lang.Object[]) -> invoke
com.ak.android.engine.navbase.AdSpace -> com.ak.android.engine.navbase.AdSpace:
    java.lang.String mAdSpaceId -> mAdSpaceId
    int mNum -> mNum
    org.json.JSONArray mWH -> mWH
    void <init>(java.lang.String) -> <init>
    com.ak.android.engine.navbase.AdSpace setAdNum(int) -> setAdNum
    com.ak.android.engine.navbase.AdSpace addAdSize(int,int) -> addAdSize
    java.lang.Object[] getArgs() -> getArgs
com.ak.android.engine.navbase.BaseNativeAdLoaderListener -> com.ak.android.engine.navbase.BaseNativeAdLoaderListener:
    void onAdLoadFailed(int,java.lang.String) -> onAdLoadFailed
com.ak.android.engine.navbase.NativeAdListener -> com.ak.android.engine.navbase.NativeAdListener:
    void onAlertChange(int) -> onAlertChange
    void onLandingPageChange(int) -> onLandingPageChange
    void onLeftApplication() -> onLeftApplication
com.ak.android.engine.navbase.NativeAdLoader -> com.ak.android.engine.navbase.NativeAdLoader:
    void loadAds() -> loadAds
    void setExtras(java.util.HashMap) -> setExtras
    void setKeyWords(java.util.HashSet) -> setKeyWords
    void destroy() -> destroy
com.ak.android.engine.navbase.NavH -> com.ak.android.engine.navbase.NavH:
    void <init>() -> <init>
    java.util.ArrayList getNativeAds(java.lang.Object) -> getNativeAds
com.ak.android.engine.navbase.a -> com.ak.android.engine.navbase.a:
    com.ak.android.engine.navbase.BaseNativeAdLoaderListener a -> a
    void <init>(com.ak.android.engine.navbase.BaseNativeAdLoaderListener) -> <init>
    java.lang.Object invoke(int,java.lang.Object[]) -> invoke
com.ak.android.engine.navbase.b -> com.ak.android.engine.navbase.b:
    com.ak.android.engine.navbase.NativeAdListener a -> a
    void <init>(com.ak.android.engine.navbase.NativeAdListener) -> <init>
    java.lang.Object invoke(int,java.lang.Object[]) -> invoke
com.ak.android.engine.navbase.c -> com.ak.android.engine.navbase.c:
    com.ak.android.bridge.DynamicObject a -> a
    void <init>(com.ak.android.bridge.DynamicObject) -> <init>
    void destroy() -> destroy
    void loadAds() -> loadAds
    void setExtras(java.util.HashMap) -> setExtras
    void setKeyWords(java.util.HashSet) -> setKeyWords