lib-newssdk/build/outputs/mapping/release/usage.txt
com.qihoo360.newssdk.BuildConfig
com.qihoo360.newssdk.env.constant.SdkConfig:
    public SdkConfig()
com.qihoo360.newssdk.env.constant.SdkConst:
    public SdkConst()
com.qihoo360.newssdk.g.j:
    public static void d(android.content.Context,java.lang.String)
    public static com.qihoo360.newssdk.c.a.b.a d(android.content.Context)
com.qihoo360.newssdk.page.a.c:
    public int getCount()
    public void destroyItem(android.view.ViewGroup,int,java.lang.Object)
    public java.lang.Object instantiateItem(android.view.ViewGroup,int)
    private android.view.ViewGroup a(com.qihoo360.newssdk.c.a.a.c.b)
    public boolean isViewFromObject(android.view.View,java.lang.Object)
com.qihoo360.newssdk.page.b.a:
    private long m
    private com.qihoo360.newssdk.c.a.a.c.b o
    private android.view.View v
    private boolean w
    public a(android.content.Context,com.qihoo360.newssdk.export.support.SceneCommData,com.qihoo360.newssdk.c.a.a.c.b)
    public void a()
    private void f()
    public void onTabSelected(int,java.lang.String)
    private void l()
    private void m()
    private void n()
    private void o()
    static synthetic void e(com.qihoo360.newssdk.page.b.a)
    static synthetic void a(com.qihoo360.newssdk.page.b.a,int)
    static synthetic long f(com.qihoo360.newssdk.page.b.a)
com.qihoo360.newssdk.page.b.a$1
com.qihoo360.newssdk.page.b.a$10
com.qihoo360.newssdk.page.b.a$11
com.qihoo360.newssdk.page.b.a$2
com.qihoo360.newssdk.page.b.a$3
com.qihoo360.newssdk.page.b.a$7
com.qihoo360.newssdk.page.b.a$8
com.qihoo360.newssdk.page.b.a$9
com.qihoo360.newssdk.page.b.a$a:
    public a$a(com.qihoo360.newssdk.page.b.a)
com.qihoo360.newssdk.page.b.b:
    public b(android.content.Context,com.qihoo360.newssdk.export.support.SceneCommData,java.lang.String)
    public void a()
    private void h()
    public void onTabSelected(int,java.lang.String)
    static synthetic com.qihoo360.newssdk.ui.common.RefreshListView a(com.qihoo360.newssdk.page.b.b)
    static synthetic com.qihoo360.newssdk.page.a.b b(com.qihoo360.newssdk.page.b.b)
com.qihoo360.newssdk.page.b.b$1
com.qihoo360.newssdk.page.b.b$2
com.qihoo360.newssdk.page.b.b$a:
    public b$a(com.qihoo360.newssdk.page.b.b)
com.qihoo360.newssdk.page.b.d:
    public void onPageScrolled(int,float,int)
    public void onPageSelected(int)
    public void onPageScrollStateChanged(int)
    private void d()
com.qihoo360.newssdk.page.b.e
com.qihoo360.newssdk.page.b.e$1
com.qihoo360.newssdk.page.b.e$2
com.qihoo360.newssdk.page.b.e$3
com.qihoo360.newssdk.page.c.f:
    public abstract void onTabSelected(int,java.lang.String)
com.qihoo360.newssdk.page.c.g:
    public static void a(int,int,int,java.lang.String)
com.qihoo360.newssdk.ui.photowall.SliderViewPager:
    public boolean onInterceptTouchEvent(android.view.MotionEvent)
    public boolean dispatchTouchEvent(android.view.MotionEvent)
com.qihoo360.newssdk.ui.photowall.c:
    public c(android.content.Context)
com.qihoo360.newssdk.ui.photowall.e:
    private final int a
    private final int b
    private final int c
    private final int d
    public e(android.content.Context)
    public void a(com.qihoo360.newssdk.ui.photowall.f,int)
    private void c()
com.qihoo360.newssdk.ui.photowall.i:
    public boolean isViewFromObject(android.view.View,java.lang.Object)
    public java.lang.Object instantiateItem(android.view.ViewGroup,int)
    public void destroyItem(android.view.ViewGroup,int,java.lang.Object)
com.qihoo360.newssdk.view.a.a:
    public static void f(android.content.Context,android.os.Bundle)
...
com.nostra13.universalimageloader.cache.disc.impl.UnlimitedDiscCache:
    36:37:public UnlimitedDiscCache(java.io.File)
com.nostra13.universalimageloader.cache.disc.naming.Md5FileNameGenerator:
    private static final java.lang.String HASH_ALGORITHM
    private static final int RADIX
com.nostra13.universalimageloader.cache.memory.BaseMemoryCache
com.nostra13.universalimageloader.cache.memory.LimitedMemoryCache
com.nostra13.universalimageloader.cache.memory.MemoryCacheAware:
    public abstract void clear()
com.nostra13.universalimageloader.cache.memory.impl.FIFOLimitedMemoryCache
com.nostra13.universalimageloader.cache.memory.impl.FuzzyKeyMemoryCache:
    72:73:public void clear()
com.nostra13.universalimageloader.cache.memory.impl.LRULimitedMemoryCache
com.nostra13.universalimageloader.cache.memory.impl.LargestLimitedMemoryCache
com.nostra13.universalimageloader.cache.memory.impl.LimitedAgeMemoryCache
com.nostra13.universalimageloader.cache.memory.impl.LruMemoryCache:
    126:127:public void clear()
com.nostra13.universalimageloader.cache.memory.impl.UsingFreqLimitedMemoryCache
com.nostra13.universalimageloader.cache.memory.impl.WeakMemoryCache
com.nostra13.universalimageloader.core.DefaultConfigurationFactory:
    53:121:public DefaultConfigurationFactory()
com.nostra13.universalimageloader.core.DisplayBitmapTask:
    private static final java.lang.String LOG_DISPLAY_IMAGE_IN_IMAGEAWARE
    private static final java.lang.String LOG_TASK_CANCELLED_IMAGEAWARE_REUSED
    private static final java.lang.String LOG_TASK_CANCELLED_IMAGEAWARE_COLLECTED
com.nostra13.universalimageloader.core.DisplayImageOptions$Builder:
    237:238:public com.nostra13.universalimageloader.core.DisplayImageOptions$Builder showStubImage(int)
    248:249:public com.nostra13.universalimageloader.core.DisplayImageOptions$Builder showImageOnLoading(int)
    270:271:public com.nostra13.universalimageloader.core.DisplayImageOptions$Builder showImageForEmptyUri(int)
    293:294:public com.nostra13.universalimageloader.core.DisplayImageOptions$Builder showImageOnFail(int)
    315:316:public com.nostra13.universalimageloader.core.DisplayImageOptions$Builder resetViewBeforeLoading()
    324:325:public com.nostra13.universalimageloader.core.DisplayImageOptions$Builder resetViewBeforeLoading(boolean)
    334:335:public com.nostra13.universalimageloader.core.DisplayImageOptions$Builder cacheInMemory()
    350:351:public com.nostra13.universalimageloader.core.DisplayImageOptions$Builder cacheOnDisc()
    371:373:public com.nostra13.universalimageloader.core.DisplayImageOptions$Builder bitmapConfig(android.graphics.Bitmap$Config)
    385:387:public com.nostra13.universalimageloader.core.DisplayImageOptions$Builder decodingOptions(android.graphics.BitmapFactory$Options)
    392:393:public com.nostra13.universalimageloader.core.DisplayImageOptions$Builder delayBeforeLoading(int)
    398:399:public com.nostra13.universalimageloader.core.DisplayImageOptions$Builder extraForDownloader(java.lang.Object)